2021-12-13 01:04:57.062635执行打开操作  filename:C:/Users/mzy/Desktop/tree/4.py
2021-12-13 01:05:11.801630 执行删除操作  filename:C:/Users/mzy/Desktop/tree/1.py
2021-12-13 01:05:17.862551 执行保存操作  filename:C:/Users/mzy/Desktop/tree/4.py
2021-12-13 01:05:20.109731 执行展示操作  
2021-12-13 01:11:41.620379执行打开操作  filename:C:/Users/mzy/Desktop/tree/2.py
2021-12-13 01:11:47.240554执行打开操作  filename:C:/Users/mzy/Desktop/tree/test.py
2021-12-13 15:09:47.252561执行打开操作  filename:
2021-12-13 15:09:50.471844 执行删除操作  filename:
2021-12-13 15:09:52.546448 执行保存操作  filename:
2021-12-13 15:09:54.689696 执行展示操作  
2021-12-13 15:10:23.797457执行打开操作  filename:C:/Users/mzy/Desktop/tree/admin.db
2021-12-13 15:10:26.870489 执行展示操作  
2021-12-13 15:13:43.152233执行打开操作  filename:
2021-12-13 15:13:56.139741 执行删除操作  filename:
2021-12-13 15:13:58.078392 执行保存操作  filename:
2021-12-13 15:13:59.455983 执行展示操作  
2021-12-13 15:14:05.383786执行打开操作  filename:C:/Users/mzy/Desktop/tree/file.log
2021-12-13 15:14:11.702084执行打开操作  filename:C:/Users/mzy/Desktop/tree/aa.txt
2021-12-13 15:14:48.565923 执行删除操作  filename:
2021-12-13 15:14:50.567623 执行保存操作  filename:C:/Users/mzy/Desktop/tree/aa.txt
2021-12-13 15:14:53.552162 执行展示操作  
2021-12-26 00:08:50.348057执行打开操作  filename:C:/Users/mzy/Desktop/tree/项目文件/2.py
2021-12-26 00:09:10.761845执行打开操作  filename:C:/Users/mzy/Desktop/tree/项目文件/4.py
2021-12-26 00:09:31.502244 执行删除操作  filename:C:/Users/mzy/Desktop/tree/9p3395vx91nr.htm
2021-12-26 00:09:55.059733执行打开操作  filename:C:/Users/mzy/Desktop/tree/file.log
2021-12-26 00:10:00.977611执行打开操作  filename:C:/Users/mzy/Desktop/tree/test.py
2021-12-26 00:10:07.711919 执行保存操作  filename:C:/Users/mzy/Desktop/tree/test.py
2021-12-26 00:10:30.120917 执行展示操作  
2021-12-26 00:12:04.566944 执行展示操作  
2021-12-26 00:12:17.142121执行打开操作  filename:C:/Users/mzy/Desktop/tree/aa.txt
2022-01-01 02:01:56.819301 执行展示操作  
